This file contains any messages produced by compilers while
running configure, to aid debugging if configure makes a mistake.

It was created by configure, which was
generated by GNU Autoconf 2.71.  Invocation command line was

  $ ./configure

## --------- ##
## Platform. ##
## --------- ##

hostname = Nitro
uname -m = x86_64
uname -r = 3.6.5-0eeda3e1.x86_64
uname -s = MSYS_NT-10.0-26100
uname -v = 2025-10-10 14:51 UTC

/usr/bin/uname -p = unknown
/bin/uname -X     = unknown

/bin/arch              = x86_64
/usr/bin/arch -k       = unknown
/usr/convex/getsysinfo = unknown
/usr/bin/hostinfo      = unknown
/bin/machine           = unknown
/usr/bin/oslevel       = unknown
/bin/universe          = unknown

PATH: ./
PATH: /c/Users/rossh/Catalina_Work_64/bin/
PATH: ./
PATH: /c/Users/rossh/Catalina_Work_64/bin/
PATH: /c/WINDOWS/system32/
PATH: /c/WINDOWS/
PATH: /c/WINDOWS/System32/Wbem/
PATH: /c/WINDOWS/System32/WindowsPowerShell/v1.0/
PATH: /c/WINDOWS/System32/OpenSSH/
PATH: /c/Program Files/SourceGear/Common/DiffMerge/
PATH: /c/Program Files/Calibre2/
PATH: /c/Program Files/Git/cmd/
PATH: /c/Program Files/Meld/
PATH: /c/Program Files/Neovim/bin/
PATH: /c/Program Files/PowerToys/DSCModules/
PATH: /c/Users/rossh/AppData/Local/Microsoft/WindowsApps/
PATH: /mingw64/bin/
PATH: /mingw32/binx/
PATH: /usr/bin/
PATH: /c/Users/rossh/AppData/Local/GitHubDesktop/bin/
PATH: /c/Users/rossh/AppData/Local/Microsoft/WinGet/Packages/ezwinports.make_Microsoft.Winget.Source_8wekyb3d8bbwe/bin/
PATH: /c/Users/rossh/Catalina_Work_64/GnuWin32/bin/
PATH: /c/Users/rossh/Catalina_Work_64/GnuWin32/bin/


## ----------- ##
## Core tests. ##
## ----------- ##

configure:2076: loading site script /usr/local/etc/config.site
| # This file is in public domain.
| # Original author: Karlson2k (Evgeny Grin)
| # Written for MSys2 to help running 'configure' scripts
| 
| # Use correct config.site file even if CONFIG_SITE is not set
| if test -r /etc/config.site; then
|   . /etc/config.site
| fi
config.site:13: default build_alias set to 
config.site:20: default prefix set to 
configure:2511: checking for gcc
configure:2532: found /mingw64/bin/gcc
configure:2544: result: gcc
configure:2552: checking whether we are using GNU C
configure:2571: result: yes
configure:3022: checking for C compiler version
configure:3031: gcc --version >&5
gcc.exe (Rev8, Built by MSYS2 project) 15.2.0
Copyright (C) 2025 Free Software Foundation, Inc.
This is free software; see the source for copying conditions.  There is NO
warranty; not even for MERCHANTABILITY or FITNESS FOR A PARTICULAR PURPOSE.

configure:3042: $? = 0
configure:3031: gcc -v >&5
Using built-in specs.
COLLECT_GCC=C:\msys64\mingw64\bin\gcc.exe
COLLECT_LTO_WRAPPER=C:/msys64/mingw64/bin/../lib/gcc/x86_64-w64-mingw32/15.2.0/lto-wrapper.exe
Target: x86_64-w64-mingw32
Configured with: ../gcc-15.2.0/configure --prefix=/mingw64 --with-local-prefix=/mingw64/local --with-native-system-header-dir=/mingw64/include --libexecdir=/mingw64/lib --enable-bootstrap --enable-checking=release --with-arch=nocona --with-tune=generic --enable-mingw-wildcard --enable-languages=c,lto,c++,fortran,ada,objc,obj-c++,jit --enable-shared --enable-static --enable-libatomic --enable-threads=posix --enable-graphite --enable-fully-dynamic-string --enable-libstdcxx-backtrace=yes --enable-libstdcxx-filesystem-ts --enable-libstdcxx-time --disable-libstdcxx-pch --enable-lto --enable-libgomp --disable-libssp --disable-multilib --disable-rpath --disable-win32-registry --disable-nls --disable-werror --disable-symvers --with-libiconv --with-system-zlib --with-gmp=/mingw64 --with-mpfr=/mingw64 --with-mpc=/mingw64 --with-isl=/mingw64 --with-pkgversion='Rev8, Built by MSYS2 project' --with-bugurl=https://github.com/msys2/MINGW-packages/issues --with-gnu-as --with-gnu-ld --with-libstdcxx-zoneinfo=yes --disable-libstdcxx-debug --enable-plugin --with-boot-ldflags=-static-libstdc++ --with-stage1-ldflags=-static-libstdc++
Thread model: posix
Supported LTO compression algorithms: zlib zstd
gcc version 15.2.0 (Rev8, Built by MSYS2 project) 
configure:3042: $? = 0
configure:3031: gcc -V >&5
gcc.exe: error: unrecognized command-line option '-V'
gcc.exe: fatal error: no input files
compilation terminated.
configure:3042: $? = 1
configure:3031: gcc -qversion >&5
gcc.exe: error: unrecognized command-line option '-qversion'; did you mean '--version'?
gcc.exe: fatal error: no input files
compilation terminated.
configure:3042: $? = 1
configure:3031: gcc -version >&5
gcc.exe: error: unrecognized command-line option '-version'
gcc.exe: fatal error: no input files
compilation terminated.
configure:3042: $? = 1
configure:3062: checking whether the C compiler works
configure:3084: gcc    conftest.c  >&5
configure:3088: $? = 0
configure:3138: result: yes
configure:3141: checking for C compiler default output file name
configure:3143: result: a.exe
configure:3149: checking for suffix of executables
configure:3156: gcc -o conftest.exe    conftest.c  >&5
configure:3160: $? = 0
configure:3183: result: .exe
configure:3205: checking whether we are cross compiling
configure:3213: gcc -o conftest.exe    conftest.c  >&5
configure:3217: $? = 0
configure:3224: ./conftest.exe
configure:3228: $? = 0
configure:3243: result: no
configure:3248: checking for suffix of object files
configure:3271: gcc -c   conftest.c >&5
configure:3275: $? = 0
configure:3297: result: o
configure:3301: checking whether the compiler supports GNU C
configure:3331: result: yes
configure:3342: checking whether gcc accepts -g
configure:3363: gcc -c -g  conftest.c >&5
configure:3363: $? = 0
configure:3407: result: yes
configure:3427: checking for gcc option to enable C11 features
configure:3442: gcc  -c -g -O2 -std=c99  conftest.c >&5
conftest.c:164:3: error: #error "Compiler does not advertise C11 conformance"
  164 | # error "Compiler does not advertise C11 conformance"
      |   ^~~~~
conftest.c:195:12: error: 'syntax' undeclared here (not in a function)
  195 | #define u8 syntax error!
      |            ^~~~~~
conftest.c:196:29: note: in expansion of macro 'u8'
  196 | char const utf8_literal[] = u8"happens to be ASCII" "another string";
      |                             ^~
conftest.c:195:19: error: expected ',' or ';' before 'error'
  195 | #define u8 syntax error!
      |                   ^~~~~
conftest.c:196:29: note: in expansion of macro 'u8'
  196 | char const utf8_literal[] = u8"happens to be ASCII" "another string";
      |                             ^~
configure:3442: $? = 1
configure: failed program was:
| /* confdefs.h */
| #define PACKAGE_NAME ""
| #define PACKAGE_TARNAME ""
| #define PACKAGE_VERSION ""
| #define PACKAGE_STRING ""
| #define PACKAGE_BUGREPORT ""
| #define PACKAGE_URL ""
| /* end confdefs.h.  */
| 
| /* Does the compiler advertise C89 conformance?
|    Do not test the value of __STDC__, because some compilers set it to 0
|    while being otherwise adequately conformant. */
| #if !defined __STDC__
| # error "Compiler does not advertise C89 conformance"
| #endif
| 
| #include <stddef.h>
| #include <stdarg.h>
| struct stat;
| /* Most of the following tests are stolen from RCS 5.7 src/conf.sh.  */
| struct buf { int x; };
| struct buf * (*rcsopen) (struct buf *, struct stat *, int);
| static char *e (char **p, int i)
| {
|   return p[i];
| }
| static char *f (char * (*g) (char **, int), char **p, ...)
| {
|   char *s;
|   va_list v;
|   va_start (v,p);
|   s = g (p, va_arg (v,int));
|   va_end (v);
|   return s;
| }
| 
| /* OSF 4.0 Compaq cc is some sort of almost-ANSI by default.  It has
|    function prototypes and stuff, but not \xHH hex character constants.
|    These do not provoke an error unfortunately, instead are silently treated
|    as an "x".  The following induces an error, until -std is added to get
|    proper ANSI mode.  Curiously \x00 != x always comes out true, for an
|    array size at least.  It is necessary to write \x00 == 0 to get something
|    that is true only with -std.  */
| int osf4_cc_array ['\x00' == 0 ? 1 : -1];
| 
| /* IBM C 6 for AIX is almost-ANSI by default, but it replaces macro parameters
|    inside strings and character constants.  */
| #define FOO(x) 'x'
| int xlc6_cc_array[FOO(a) == 'x' ? 1 : -1];
| 
| int test (int i, double x);
| struct s1 {int (*f) (int a);};
| struct s2 {int (*f) (double a);};
| int pairnames (int, char **, int *(*)(struct buf *, struct stat *, int),
|                int, int);
| 
| // Does the compiler advertise C99 conformance?
| #if !defined __STDC_VERSION__ || __STDC_VERSION__ < 199901L
| # error "Compiler does not advertise C99 conformance"
| #endif
| 
| #include <stdbool.h>
| extern int puts (const char *);
| extern int printf (const char *, ...);
| extern int dprintf (int, const char *, ...);
| extern void *malloc (size_t);
| extern void free (void *);
| 
| // Check varargs macros.  These examples are taken from C99 6.10.3.5.
| // dprintf is used instead of fprintf to avoid needing to declare
| // FILE and stderr.
| #define debug(...) dprintf (2, __VA_ARGS__)
| #define showlist(...) puts (#__VA_ARGS__)
| #define report(test,...) ((test) ? puts (#test) : printf (__VA_ARGS__))
| static void
| test_varargs_macros (void)
| {
|   int x = 1234;
|   int y = 5678;
|   debug ("Flag");
|   debug ("X = %d\n", x);
|   showlist (The first, second, and third items.);
|   report (x>y, "x is %d but y is %d", x, y);
| }
| 
| // Check long long types.
| #define BIG64 18446744073709551615ull
| #define BIG32 4294967295ul
| #define BIG_OK (BIG64 / BIG32 == 4294967297ull && BIG64 % BIG32 == 0)
| #if !BIG_OK
|   #error "your preprocessor is broken"
| #endif
| #if BIG_OK
| #else
|   #error "your preprocessor is broken"
| #endif
| static long long int bignum = -9223372036854775807LL;
| static unsigned long long int ubignum = BIG64;
| 
| struct incomplete_array
| {
|   int datasize;
|   double data[];
| };
| 
| struct named_init {
|   int number;
|   const wchar_t *name;
|   double average;
| };
| 
| typedef const char *ccp;
| 
| static inline int
| test_restrict (ccp restrict text)
| {
|   // See if C++-style comments work.
|   // Iterate through items via the restricted pointer.
|   // Also check for declarations in for loops.
|   for (unsigned int i = 0; *(text+i) != '\0'; ++i)
|     continue;
|   return 0;
| }
| 
| // Check varargs and va_copy.
| static bool
| test_varargs (const char *format, ...)
| {
|   va_list args;
|   va_start (args, format);
|   va_list args_copy;
|   va_copy (args_copy, args);
| 
|   const char *str = "";
|   int number = 0;
|   float fnumber = 0;
| 
|   while (*format)
|     {
|       switch (*format++)
| 	{
| 	case 's': // string
| 	  str = va_arg (args_copy, const char *);
| 	  break;
| 	case 'd': // int
| 	  number = va_arg (args_copy, int);
| 	  break;
| 	case 'f': // float
| 	  fnumber = va_arg (args_copy, double);
| 	  break;
| 	default:
| 	  break;
| 	}
|     }
|   va_end (args_copy);
|   va_end (args);
| 
|   return *str && number && fnumber;
| }
| 
| 
| // Does the compiler advertise C11 conformance?
| #if !defined __STDC_VERSION__ || __STDC_VERSION__ < 201112L
| # error "Compiler does not advertise C11 conformance"
| #endif
| 
| // Check _Alignas.
| char _Alignas (double) aligned_as_double;
| char _Alignas (0) no_special_alignment;
| extern char aligned_as_int;
| char _Alignas (0) _Alignas (int) aligned_as_int;
| 
| // Check _Alignof.
| enum
| {
|   int_alignment = _Alignof (int),
|   int_array_alignment = _Alignof (int[100]),
|   char_alignment = _Alignof (char)
| };
| _Static_assert (0 < -_Alignof (int), "_Alignof is signed");
| 
| // Check _Noreturn.
| int _Noreturn does_not_return (void) { for (;;) continue; }
| 
| // Check _Static_assert.
| struct test_static_assert
| {
|   int x;
|   _Static_assert (sizeof (int) <= sizeof (long int),
|                   "_Static_assert does not work in struct");
|   long int y;
| };
| 
| // Check UTF-8 literals.
| #define u8 syntax error!
| char const utf8_literal[] = u8"happens to be ASCII" "another string";
| 
| // Check duplicate typedefs.
| typedef long *long_ptr;
| typedef long int *long_ptr;
| typedef long_ptr long_ptr;
| 
| // Anonymous structures and unions -- taken from C11 6.7.2.1 Example 1.
| struct anonymous
| {
|   union {
|     struct { int i; int j; };
|     struct { int k; long int l; } w;
|   };
|   int m;
| } v1;
| 
| 
| int
| main (int argc, char **argv)
| {
|   int ok = 0;
|   
| ok |= (argc == 0 || f (e, argv, 0) != argv[0] || f (e, argv, 1) != argv[1]);
| 
|   
|   // Check bool.
|   _Bool success = false;
|   success |= (argc != 0);
| 
|   // Check restrict.
|   if (test_restrict ("String literal") == 0)
|     success = true;
|   char *restrict newvar = "Another string";
| 
|   // Check varargs.
|   success &= test_varargs ("s, d' f .", "string", 65, 34.234);
|   test_varargs_macros ();
| 
|   // Check flexible array members.
|   struct incomplete_array *ia =
|     malloc (sizeof (struct incomplete_array) + (sizeof (double) * 10));
|   ia->datasize = 10;
|   for (int i = 0; i < ia->datasize; ++i)
|     ia->data[i] = i * 1.234;
| 
|   // Check named initializers.
|   struct named_init ni = {
|     .number = 34,
|     .name = L"Test wide string",
|     .average = 543.34343,
|   };
| 
|   ni.number = 58;
| 
|   int dynamic_array[ni.number];
|   dynamic_array[0] = argv[0][0];
|   dynamic_array[ni.number - 1] = 543;
| 
|   // work around unused variable warnings
|   ok |= (!success || bignum == 0LL || ubignum == 0uLL || newvar[0] == 'x'
| 	 || dynamic_array[ni.number - 1] != 543);
| 
|   
|   _Static_assert ((offsetof (struct anonymous, i)
| 		   == offsetof (struct anonymous, w.k)),
| 		  "Anonymous union alignment botch");
|   v1.i = 2;
|   v1.w.k = 5;
|   ok |= v1.i != 5;
| 
|   return ok;
| }
| 
configure:3442: gcc -std=gnu11 -c -g -O2 -std=c99  conftest.c >&5
conftest.c:164:3: error: #error "Compiler does not advertise C11 conformance"
  164 | # error "Compiler does not advertise C11 conformance"
      |   ^~~~~
conftest.c:195:12: error: 'syntax' undeclared here (not in a function)
  195 | #define u8 syntax error!
      |            ^~~~~~
conftest.c:196:29: note: in expansion of macro 'u8'
  196 | char const utf8_literal[] = u8"happens to be ASCII" "another string";
      |                             ^~
conftest.c:195:19: error: expected ',' or ';' before 'error'
  195 | #define u8 syntax error!
      |                   ^~~~~
conftest.c:196:29: note: in expansion of macro 'u8'
  196 | char const utf8_literal[] = u8"happens to be ASCII" "another string";
      |                             ^~
configure:3442: $? = 1
configure: failed program was:
| /* confdefs.h */
| #define PACKAGE_NAME ""
| #define PACKAGE_TARNAME ""
| #define PACKAGE_VERSION ""
| #define PACKAGE_STRING ""
| #define PACKAGE_BUGREPORT ""
| #define PACKAGE_URL ""
| /* end confdefs.h.  */
| 
| /* Does the compiler advertise C89 conformance?
|    Do not test the value of __STDC__, because some compilers set it to 0
|    while being otherwise adequately conformant. */
| #if !defined __STDC__
| # error "Compiler does not advertise C89 conformance"
| #endif
| 
| #include <stddef.h>
| #include <stdarg.h>
| struct stat;
| /* Most of the following tests are stolen from RCS 5.7 src/conf.sh.  */
| struct buf { int x; };
| struct buf * (*rcsopen) (struct buf *, struct stat *, int);
| static char *e (char **p, int i)
| {
|   return p[i];
| }
| static char *f (char * (*g) (char **, int), char **p, ...)
| {
|   char *s;
|   va_list v;
|   va_start (v,p);
|   s = g (p, va_arg (v,int));
|   va_end (v);
|   return s;
| }
| 
| /* OSF 4.0 Compaq cc is some sort of almost-ANSI by default.  It has
|    function prototypes and stuff, but not \xHH hex character constants.
|    These do not provoke an error unfortunately, instead are silently treated
|    as an "x".  The following induces an error, until -std is added to get
|    proper ANSI mode.  Curiously \x00 != x always comes out true, for an
|    array size at least.  It is necessary to write \x00 == 0 to get something
|    that is true only with -std.  */
| int osf4_cc_array ['\x00' == 0 ? 1 : -1];
| 
| /* IBM C 6 for AIX is almost-ANSI by default, but it replaces macro parameters
|    inside strings and character constants.  */
| #define FOO(x) 'x'
| int xlc6_cc_array[FOO(a) == 'x' ? 1 : -1];
| 
| int test (int i, double x);
| struct s1 {int (*f) (int a);};
| struct s2 {int (*f) (double a);};
| int pairnames (int, char **, int *(*)(struct buf *, struct stat *, int),
|                int, int);
| 
| // Does the compiler advertise C99 conformance?
| #if !defined __STDC_VERSION__ || __STDC_VERSION__ < 199901L
| # error "Compiler does not advertise C99 conformance"
| #endif
| 
| #include <stdbool.h>
| extern int puts (const char *);
| extern int printf (const char *, ...);
| extern int dprintf (int, const char *, ...);
| extern void *malloc (size_t);
| extern void free (void *);
| 
| // Check varargs macros.  These examples are taken from C99 6.10.3.5.
| // dprintf is used instead of fprintf to avoid needing to declare
| // FILE and stderr.
| #define debug(...) dprintf (2, __VA_ARGS__)
| #define showlist(...) puts (#__VA_ARGS__)
| #define report(test,...) ((test) ? puts (#test) : printf (__VA_ARGS__))
| static void
| test_varargs_macros (void)
| {
|   int x = 1234;
|   int y = 5678;
|   debug ("Flag");
|   debug ("X = %d\n", x);
|   showlist (The first, second, and third items.);
|   report (x>y, "x is %d but y is %d", x, y);
| }
| 
| // Check long long types.
| #define BIG64 18446744073709551615ull
| #define BIG32 4294967295ul
| #define BIG_OK (BIG64 / BIG32 == 4294967297ull && BIG64 % BIG32 == 0)
| #if !BIG_OK
|   #error "your preprocessor is broken"
| #endif
| #if BIG_OK
| #else
|   #error "your preprocessor is broken"
| #endif
| static long long int bignum = -9223372036854775807LL;
| static unsigned long long int ubignum = BIG64;
| 
| struct incomplete_array
| {
|   int datasize;
|   double data[];
| };
| 
| struct named_init {
|   int number;
|   const wchar_t *name;
|   double average;
| };
| 
| typedef const char *ccp;
| 
| static inline int
| test_restrict (ccp restrict text)
| {
|   // See if C++-style comments work.
|   // Iterate through items via the restricted pointer.
|   // Also check for declarations in for loops.
|   for (unsigned int i = 0; *(text+i) != '\0'; ++i)
|     continue;
|   return 0;
| }
| 
| // Check varargs and va_copy.
| static bool
| test_varargs (const char *format, ...)
| {
|   va_list args;
|   va_start (args, format);
|   va_list args_copy;
|   va_copy (args_copy, args);
| 
|   const char *str = "";
|   int number = 0;
|   float fnumber = 0;
| 
|   while (*format)
|     {
|       switch (*format++)
| 	{
| 	case 's': // string
| 	  str = va_arg (args_copy, const char *);
| 	  break;
| 	case 'd': // int
| 	  number = va_arg (args_copy, int);
| 	  break;
| 	case 'f': // float
| 	  fnumber = va_arg (args_copy, double);
| 	  break;
| 	default:
| 	  break;
| 	}
|     }
|   va_end (args_copy);
|   va_end (args);
| 
|   return *str && number && fnumber;
| }
| 
| 
| // Does the compiler advertise C11 conformance?
| #if !defined __STDC_VERSION__ || __STDC_VERSION__ < 201112L
| # error "Compiler does not advertise C11 conformance"
| #endif
| 
| // Check _Alignas.
| char _Alignas (double) aligned_as_double;
| char _Alignas (0) no_special_alignment;
| extern char aligned_as_int;
| char _Alignas (0) _Alignas (int) aligned_as_int;
| 
| // Check _Alignof.
| enum
| {
|   int_alignment = _Alignof (int),
|   int_array_alignment = _Alignof (int[100]),
|   char_alignment = _Alignof (char)
| };
| _Static_assert (0 < -_Alignof (int), "_Alignof is signed");
| 
| // Check _Noreturn.
| int _Noreturn does_not_return (void) { for (;;) continue; }
| 
| // Check _Static_assert.
| struct test_static_assert
| {
|   int x;
|   _Static_assert (sizeof (int) <= sizeof (long int),
|                   "_Static_assert does not work in struct");
|   long int y;
| };
| 
| // Check UTF-8 literals.
| #define u8 syntax error!
| char const utf8_literal[] = u8"happens to be ASCII" "another string";
| 
| // Check duplicate typedefs.
| typedef long *long_ptr;
| typedef long int *long_ptr;
| typedef long_ptr long_ptr;
| 
| // Anonymous structures and unions -- taken from C11 6.7.2.1 Example 1.
| struct anonymous
| {
|   union {
|     struct { int i; int j; };
|     struct { int k; long int l; } w;
|   };
|   int m;
| } v1;
| 
| 
| int
| main (int argc, char **argv)
| {
|   int ok = 0;
|   
| ok |= (argc == 0 || f (e, argv, 0) != argv[0] || f (e, argv, 1) != argv[1]);
| 
|   
|   // Check bool.
|   _Bool success = false;
|   success |= (argc != 0);
| 
|   // Check restrict.
|   if (test_restrict ("String literal") == 0)
|     success = true;
|   char *restrict newvar = "Another string";
| 
|   // Check varargs.
|   success &= test_varargs ("s, d' f .", "string", 65, 34.234);
|   test_varargs_macros ();
| 
|   // Check flexible array members.
|   struct incomplete_array *ia =
|     malloc (sizeof (struct incomplete_array) + (sizeof (double) * 10));
|   ia->datasize = 10;
|   for (int i = 0; i < ia->datasize; ++i)
|     ia->data[i] = i * 1.234;
| 
|   // Check named initializers.
|   struct named_init ni = {
|     .number = 34,
|     .name = L"Test wide string",
|     .average = 543.34343,
|   };
| 
|   ni.number = 58;
| 
|   int dynamic_array[ni.number];
|   dynamic_array[0] = argv[0][0];
|   dynamic_array[ni.number - 1] = 543;
| 
|   // work around unused variable warnings
|   ok |= (!success || bignum == 0LL || ubignum == 0uLL || newvar[0] == 'x'
| 	 || dynamic_array[ni.number - 1] != 543);
| 
|   
|   _Static_assert ((offsetof (struct anonymous, i)
| 		   == offsetof (struct anonymous, w.k)),
| 		  "Anonymous union alignment botch");
|   v1.i = 2;
|   v1.w.k = 5;
|   ok |= v1.i != 5;
| 
|   return ok;
| }
| 
configure:3455: result: unsupported
configure:3473: checking for gcc option to enable C99 features
configure:3488: gcc  -c -g -O2 -std=c99  conftest.c >&5
configure:3488: $? = 0
configure:3506: result: none needed
configure:3575: checking how to run the C preprocessor
configure:3601: gcc -E  conftest.c
configure:3601: $? = 0
configure:3616: gcc -E  conftest.c
conftest.c:9:10: fatal error: ac_nonexistent.h: No such file or directory
    9 | #include <ac_nonexistent.h>
      |          ^~~~~~~~~~~~~~~~~~
compilation terminated.
configure:3616: $? = 1
configure: failed program was:
| /* confdefs.h */
| #define PACKAGE_NAME ""
| #define PACKAGE_TARNAME ""
| #define PACKAGE_VERSION ""
| #define PACKAGE_STRING ""
| #define PACKAGE_BUGREPORT ""
| #define PACKAGE_URL ""
| /* end confdefs.h.  */
| #include <ac_nonexistent.h>
configure:3643: result: gcc -E
configure:3657: gcc -E  conftest.c
configure:3657: $? = 0
configure:3672: gcc -E  conftest.c
conftest.c:9:10: fatal error: ac_nonexistent.h: No such file or directory
    9 | #include <ac_nonexistent.h>
      |          ^~~~~~~~~~~~~~~~~~
compilation terminated.
configure:3672: $? = 1
configure: failed program was:
| /* confdefs.h */
| #define PACKAGE_NAME ""
| #define PACKAGE_TARNAME ""
| #define PACKAGE_VERSION ""
| #define PACKAGE_STRING ""
| #define PACKAGE_BUGREPORT ""
| #define PACKAGE_URL ""
| /* end confdefs.h.  */
| #include <ac_nonexistent.h>
configure:3707: checking for log in -lm
configure:3736: gcc -o conftest.exe -g -O2 -std=c99   conftest.c -lm   >&5
conftest.c:19:6: warning: conflicting types for built-in function 'log'; expected 'double(double)' [-Wbuiltin-declaration-mismatch]
   19 | char log (void);
      |      ^~~
conftest.c:1:1: note: 'log' is declared in header '<math.h>'
    1 | /* confdefs.h */
configure:3736: $? = 0
configure:3746: result: yes
configure:3769: checking checking for inline
configure:3782: gcc -c -g -O2 -std=c99  conftest.c >&5
configure:3782: $? = 0
configure:3843: result: __inline__
configure:3851: checking for gawk
configure:3872: found /usr/bin/gawk
configure:3883: result: gawk
configure:3903: checking for ash
configure:3924: found /usr/bin/ash
configure:3935: result: ash
configure:3955: checking for byacc
configure:3990: result: no
configure:3955: checking for bison
configure:3976: found /usr/bin/bison
configure:3987: result: bison
configure:4003: checking for ar
configure:4024: found /mingw64/bin/ar
configure:4035: result: ar
configure:4050: checking for ranlib
configure:4071: found /mingw64/bin/ranlib
configure:4082: result: ranlib
configure:4104: gcc -c -g -O2 -std=c99  conftest.c >&5
conftest.c: In function 'this':
conftest.c:9:21: error: '__CYGWIN32__' undeclared (first use in this function)
    9 | int this() { return __CYGWIN32__; }
      |                     ^~~~~~~~~~~~
conftest.c:9:21: note: each undeclared identifier is reported only once for each function it appears in
configure:4104: $? = 1
configure: failed program was:
| /* confdefs.h */
| #define PACKAGE_NAME ""
| #define PACKAGE_TARNAME ""
| #define PACKAGE_VERSION ""
| #define PACKAGE_STRING ""
| #define PACKAGE_BUGREPORT ""
| #define PACKAGE_URL ""
| /* end confdefs.h.  */
| int this() { return __CYGWIN32__; }
| int
| main (void)
| {
| return this();
|   ;
|   return 0;
| }
configure:4124: gcc -c -g -O2 -std=c99  conftest.c >&5
conftest.c: In function 'this':
conftest.c:9:21: error: '__DJGPP__' undeclared (first use in this function)
    9 | int this() { return __DJGPP__; }
      |                     ^~~~~~~~~
conftest.c:9:21: note: each undeclared identifier is reported only once for each function it appears in
configure:4124: $? = 1
configure: failed program was:
| /* confdefs.h */
| #define PACKAGE_NAME ""
| #define PACKAGE_TARNAME ""
| #define PACKAGE_VERSION ""
| #define PACKAGE_STRING ""
| #define PACKAGE_BUGREPORT ""
| #define PACKAGE_URL ""
| /* end confdefs.h.  */
| int this() { return __DJGPP__; }
| int
| main (void)
| {
| return this();
|   ;
|   return 0;
| }
configure:4136: checking for cmp
configure:4157: found /usr/bin/cmp
configure:4168: result: cmp
configure:4179: checking compiler supports void*
configure:4193: gcc -c -g -O2 -std=c99  conftest.c >&5
configure:4193: $? = 0
configure:4200: result: yes
configure:4203: checking compiler groks prototypes
configure:4216: gcc -c -g -O2 -std=c99  conftest.c >&5
configure:4216: $? = 0
configure:4223: result: yes
configure:4226: checking for an ANSI C-conforming const
configure:4293: gcc -c -g -O2 -std=c99  conftest.c >&5
configure:4293: $? = 0
configure:4301: result: yes
configure:4316: checking for stdio.h
configure:4316: gcc -c -g -O2 -std=c99  conftest.c >&5
configure:4316: $? = 0
configure:4316: result: yes
configure:4316: checking for stdlib.h
configure:4316: gcc -c -g -O2 -std=c99  conftest.c >&5
configure:4316: $? = 0
configure:4316: result: yes
configure:4316: checking for string.h
configure:4316: gcc -c -g -O2 -std=c99  conftest.c >&5
configure:4316: $? = 0
configure:4316: result: yes
configure:4316: checking for inttypes.h
configure:4316: gcc -c -g -O2 -std=c99  conftest.c >&5
configure:4316: $? = 0
configure:4316: result: yes
configure:4316: checking for stdint.h
configure:4316: gcc -c -g -O2 -std=c99  conftest.c >&5
configure:4316: $? = 0
configure:4316: result: yes
configure:4316: checking for strings.h
configure:4316: gcc -c -g -O2 -std=c99  conftest.c >&5
configure:4316: $? = 0
configure:4316: result: yes
configure:4316: checking for sys/stat.h
configure:4316: gcc -c -g -O2 -std=c99  conftest.c >&5
configure:4316: $? = 0
configure:4316: result: yes
configure:4316: checking for sys/types.h
configure:4316: gcc -c -g -O2 -std=c99  conftest.c >&5
configure:4316: $? = 0
configure:4316: result: yes
configure:4316: checking for unistd.h
configure:4316: gcc -c -g -O2 -std=c99  conftest.c >&5
configure:4316: $? = 0
configure:4316: result: yes
configure:4316: checking for sys/time.h
configure:4316: gcc -c -g -O2 -std=c99  conftest.c >&5
configure:4316: $? = 0
configure:4316: result: yes
configure:4341: checking for stddef.h
configure:4341: gcc -c -g -O2 -std=c99  conftest.c >&5
configure:4341: $? = 0
configure:4341: result: yes
configure:4361: gcc -c -g -O2 -std=c99  conftest.c >&5
configure:4361: $? = 0
configure:4402: checking for sys/socket.h
configure:4402: gcc -c -g -O2 -std=c99  conftest.c >&5
conftest.c:48:10: fatal error: sys/socket.h: No such file or directory
   48 | #include <sys/socket.h>
      |          ^~~~~~~~~~~~~~
compilation terminated.
configure:4402: $? = 1
configure: failed program was:
| /* confdefs.h */
| #define PACKAGE_NAME ""
| #define PACKAGE_TARNAME ""
| #define PACKAGE_VERSION ""
| #define PACKAGE_STRING ""
| #define PACKAGE_BUGREPORT ""
| #define PACKAGE_URL ""
| #define HAVE_STDIO_H 1
| #define HAVE_STDLIB_H 1
| #define HAVE_STRING_H 1
| #define HAVE_INTTYPES_H 1
| #define HAVE_STDINT_H 1
| #define HAVE_STRINGS_H 1
| #define HAVE_SYS_STAT_H 1
| #define HAVE_SYS_TYPES_H 1
| #define HAVE_UNISTD_H 1
| #define HAVE_SYS_TIME_H 1
| #define STDC_HEADERS 1
| /* end confdefs.h.  */
| #include <stddef.h>
| #ifdef HAVE_STDIO_H
| # include <stdio.h>
| #endif
| #ifdef HAVE_STDLIB_H
| # include <stdlib.h>
| #endif
| #ifdef HAVE_STRING_H
| # include <string.h>
| #endif
| #ifdef HAVE_INTTYPES_H
| # include <inttypes.h>
| #endif
| #ifdef HAVE_STDINT_H
| # include <stdint.h>
| #endif
| #ifdef HAVE_STRINGS_H
| # include <strings.h>
| #endif
| #ifdef HAVE_SYS_TYPES_H
| # include <sys/types.h>
| #endif
| #ifdef HAVE_SYS_STAT_H
| # include <sys/stat.h>
| #endif
| #ifdef HAVE_UNISTD_H
| # include <unistd.h>
| #endif
| #include <sys/socket.h>
configure:4402: result: no
configure:4415: checking for netinet/in.h
configure:4415: gcc -c -g -O2 -std=c99  conftest.c >&5
conftest.c:48:10: fatal error: netinet/in.h: No such file or directory
   48 | #include <netinet/in.h>
      |          ^~~~~~~~~~~~~~
compilation terminated.
configure:4415: $? = 1
configure: failed program was:
| /* confdefs.h */
| #define PACKAGE_NAME ""
| #define PACKAGE_TARNAME ""
| #define PACKAGE_VERSION ""
| #define PACKAGE_STRING ""
| #define PACKAGE_BUGREPORT ""
| #define PACKAGE_URL ""
| #define HAVE_STDIO_H 1
| #define HAVE_STDLIB_H 1
| #define HAVE_STRING_H 1
| #define HAVE_INTTYPES_H 1
| #define HAVE_STDINT_H 1
| #define HAVE_STRINGS_H 1
| #define HAVE_SYS_STAT_H 1
| #define HAVE_SYS_TYPES_H 1
| #define HAVE_UNISTD_H 1
| #define HAVE_SYS_TIME_H 1
| #define STDC_HEADERS 1
| /* end confdefs.h.  */
| #include <stddef.h>
| #ifdef HAVE_STDIO_H
| # include <stdio.h>
| #endif
| #ifdef HAVE_STDLIB_H
| # include <stdlib.h>
| #endif
| #ifdef HAVE_STRING_H
| # include <string.h>
| #endif
| #ifdef HAVE_INTTYPES_H
| # include <inttypes.h>
| #endif
| #ifdef HAVE_STDINT_H
| # include <stdint.h>
| #endif
| #ifdef HAVE_STRINGS_H
| # include <strings.h>
| #endif
| #ifdef HAVE_SYS_TYPES_H
| # include <sys/types.h>
| #endif
| #ifdef HAVE_SYS_STAT_H
| # include <sys/stat.h>
| #endif
| #ifdef HAVE_UNISTD_H
| # include <unistd.h>
| #endif
| #include <netinet/in.h>
configure:4415: result: no
configure:4425: checking for fcntl.h
configure:4425: gcc -c -g -O2 -std=c99  conftest.c >&5
configure:4425: $? = 0
configure:4425: result: yes
configure:4435: checking for errno.h
configure:4435: gcc -c -g -O2 -std=c99  conftest.c >&5
configure:4435: $? = 0
configure:4435: result: yes
configure:4445: checking for time.h
configure:4445: gcc -c -g -O2 -std=c99  conftest.c >&5
configure:4445: $? = 0
configure:4445: result: yes
configure:4455: checking for stdarg.h
configure:4455: gcc -c -g -O2 -std=c99  conftest.c >&5
configure:4455: $? = 0
configure:4455: result: yes
configure:4465: checking for netdb.h
configure:4465: gcc -c -g -O2 -std=c99  conftest.c >&5
conftest.c:48:10: fatal error: netdb.h: No such file or directory
   48 | #include <netdb.h>
      |          ^~~~~~~~~
compilation terminated.
configure:4465: $? = 1
configure: failed program was:
| /* confdefs.h */
| #define PACKAGE_NAME ""
| #define PACKAGE_TARNAME ""
| #define PACKAGE_VERSION ""
| #define PACKAGE_STRING ""
| #define PACKAGE_BUGREPORT ""
| #define PACKAGE_URL ""
| #define HAVE_STDIO_H 1
| #define HAVE_STDLIB_H 1
| #define HAVE_STRING_H 1
| #define HAVE_INTTYPES_H 1
| #define HAVE_STDINT_H 1
| #define HAVE_STRINGS_H 1
| #define HAVE_SYS_STAT_H 1
| #define HAVE_SYS_TYPES_H 1
| #define HAVE_UNISTD_H 1
| #define HAVE_SYS_TIME_H 1
| #define STDC_HEADERS 1
| /* end confdefs.h.  */
| #include <stddef.h>
| #ifdef HAVE_STDIO_H
| # include <stdio.h>
| #endif
| #ifdef HAVE_STDLIB_H
| # include <stdlib.h>
| #endif
| #ifdef HAVE_STRING_H
| # include <string.h>
| #endif
| #ifdef HAVE_INTTYPES_H
| # include <inttypes.h>
| #endif
| #ifdef HAVE_STDINT_H
| # include <stdint.h>
| #endif
| #ifdef HAVE_STRINGS_H
| # include <strings.h>
| #endif
| #ifdef HAVE_SYS_TYPES_H
| # include <sys/types.h>
| #endif
| #ifdef HAVE_SYS_STAT_H
| # include <sys/stat.h>
| #endif
| #ifdef HAVE_UNISTD_H
| # include <unistd.h>
| #endif
| #include <netdb.h>
configure:4465: result: no
configure:4475: checking for unistd.h
configure:4475: result: yes
configure:4485: checking for fcntl.h
configure:4485: result: yes
configure:4495: checking for memcpy
configure:4495: gcc -o conftest.exe -g -O2 -std=c99   conftest.c  -lm >&5
conftest.c:37:6: warning: conflicting types for built-in function 'memcpy'; expected 'void *(void *, const void *, long long unsigned int)' [-Wbuiltin-declaration-mismatch]
   37 | char memcpy (void);
      |      ^~~~~~
conftest.c:29:1: note: 'memcpy' is declared in header '<string.h>'
   28 | #include <limits.h>
   29 | #undef memcpy
configure:4495: $? = 0
configure:4495: result: yes
configure:4505: checking for strchr
configure:4505: gcc -o conftest.exe -g -O2 -std=c99   conftest.c  -lm >&5
conftest.c:37:6: warning: conflicting types for built-in function 'strchr'; expected 'char *(const char *, int)' [-Wbuiltin-declaration-mismatch]
   37 | char strchr (void);
      |      ^~~~~~
conftest.c:29:1: note: 'strchr' is declared in header '<string.h>'
   28 | #include <limits.h>
   29 | #undef strchr
configure:4505: $? = 0
configure:4505: result: yes
configure:4515: checking for strstr
configure:4515: gcc -o conftest.exe -g -O2 -std=c99   conftest.c  -lm >&5
conftest.c:37:6: warning: conflicting types for built-in function 'strstr'; expected 'char *(const char *, const char *)' [-Wbuiltin-declaration-mismatch]
   37 | char strstr (void);
      |      ^~~~~~
conftest.c:29:1: note: 'strstr' is declared in header '<string.h>'
   28 | #include <limits.h>
   29 | #undef strstr
configure:4515: $? = 0
configure:4515: result: yes
configure:4525: checking for strerror
configure:4525: gcc -o conftest.exe -g -O2 -std=c99   conftest.c  -lm >&5
configure:4525: $? = 0
configure:4525: result: yes
configure:4535: checking for vfprintf
configure:4535: gcc -o conftest.exe -g -O2 -std=c99   conftest.c  -lm >&5
conftest.c:37:6: warning: conflicting types for built-in function 'vfprintf'; expected 'int(void *, const char *, char *)' [-Wbuiltin-declaration-mismatch]
   37 | char vfprintf (void);
      |      ^~~~~~~~
conftest.c:29:1: note: 'vfprintf' is declared in header '<stdio.h>'
   28 | #include <limits.h>
   29 | #undef vfprintf
configure:4535: $? = 0
configure:4535: result: yes
configure:4545: checking for fmod
configure:4545: gcc -o conftest.exe -g -O2 -std=c99   conftest.c  -lm >&5
conftest.c:37:6: warning: conflicting types for built-in function 'fmod'; expected 'double(double,  double)' [-Wbuiltin-declaration-mismatch]
   37 | char fmod (void);
      |      ^~~~
conftest.c:29:1: note: 'fmod' is declared in header '<math.h>'
   28 | #include <limits.h>
   29 | #undef fmod
configure:4545: $? = 0
configure:4545: result: yes
configure:4555: checking for matherr
configure:4555: gcc -o conftest.exe -g -O2 -std=c99   conftest.c  -lm >&5
C:/msys64/mingw64/bin/../lib/gcc/x86_64-w64-mingw32/15.2.0/../../../../x86_64-w64-mingw32/bin/ld.exe: C:\Users\rossh\AppData\Local\Temp\ccs1Hatq.o: in function `main':
C:/Users/rossh/Catalina_Work_64/source/catalina/awka-0.7.5/conftest.c:48:(.text.startup+0xa): undefined reference to `matherr'
collect2.exe: error: ld returned 1 exit status
configure:4555: $? = 1
configure: failed program was:
| /* confdefs.h */
| #define PACKAGE_NAME ""
| #define PACKAGE_TARNAME ""
| #define PACKAGE_VERSION ""
| #define PACKAGE_STRING ""
| #define PACKAGE_BUGREPORT ""
| #define PACKAGE_URL ""
| #define HAVE_STDIO_H 1
| #define HAVE_STDLIB_H 1
| #define HAVE_STRING_H 1
| #define HAVE_INTTYPES_H 1
| #define HAVE_STDINT_H 1
| #define HAVE_STRINGS_H 1
| #define HAVE_SYS_STAT_H 1
| #define HAVE_SYS_TYPES_H 1
| #define HAVE_UNISTD_H 1
| #define HAVE_SYS_TIME_H 1
| #define STDC_HEADERS 1
| #define NO_NETDB_H 1
| /* end confdefs.h.  */
| /* Define matherr to an innocuous variant, in case <limits.h> declares matherr.
|    For example, HP-UX 11i <limits.h> declares gettimeofday.  */
| #define matherr innocuous_matherr
| 
| /* System header to define __stub macros and hopefully few prototypes,
|    which can conflict with char matherr (void); below.  */
| 
| #include <limits.h>
| #undef matherr
| 
| /* Override any GCC internal prototype to avoid an error.
|    Use char because int might match the return type of a GCC
|    builtin and then its argument prototype would still apply.  */
| #ifdef __cplusplus
| extern "C"
| #endif
| char matherr (void);
| /* The GNU C library defines this for functions which it implements
|     to always fail with ENOSYS.  Some functions are actually named
|     something starting with __ and the normal name is an alias.  */
| #if defined __stub_matherr || defined __stub___matherr
| choke me
| #endif
| 
| int
| main (void)
| {
| return matherr ();
|   ;
|   return 0;
| }
configure:4555: result: no
configure:4566: checking for grep that handles long lines and -e
configure:4630: result: /usr/bin/grep
configure:4635: checking for egrep
configure:4703: result: /usr/bin/grep -E
configure:4740: checking for limits.h
configure:4740: gcc -c -g -O2 -std=c99  conftest.c >&5
configure:4740: $? = 0
configure:4740: result: yes
configure:4855: checking for gethostbyname
configure:4855: gcc -o conftest.exe -g -O2 -std=c99   conftest.c  -lm >&5
C:/msys64/mingw64/bin/../lib/gcc/x86_64-w64-mingw32/15.2.0/../../../../x86_64-w64-mingw32/bin/ld.exe: C:\Users\rossh\AppData\Local\Temp\ccUuYW9P.o: in function `main':
C:/Users/rossh/Catalina_Work_64/source/catalina/awka-0.7.5/conftest.c:51:(.text.startup+0xa): undefined reference to `gethostbyname'
collect2.exe: error: ld returned 1 exit status
configure:4855: $? = 1
configure: failed program was:
| /* confdefs.h */
| #define PACKAGE_NAME ""
| #define PACKAGE_TARNAME ""
| #define PACKAGE_VERSION ""
| #define PACKAGE_STRING ""
| #define PACKAGE_BUGREPORT ""
| #define PACKAGE_URL ""
| #define HAVE_STDIO_H 1
| #define HAVE_STDLIB_H 1
| #define HAVE_STRING_H 1
| #define HAVE_INTTYPES_H 1
| #define HAVE_STDINT_H 1
| #define HAVE_STRINGS_H 1
| #define HAVE_SYS_STAT_H 1
| #define HAVE_SYS_TYPES_H 1
| #define HAVE_UNISTD_H 1
| #define HAVE_SYS_TIME_H 1
| #define STDC_HEADERS 1
| #define NO_NETDB_H 1
| #define NO_MATHERR 1
| #define NO_FPRINTF_IN_STDIO 1
| #define NO_SPRINTF_IN_STDIO 1
| /* end confdefs.h.  */
| /* Define gethostbyname to an innocuous variant, in case <limits.h> declares gethostbyname.
|    For example, HP-UX 11i <limits.h> declares gettimeofday.  */
| #define gethostbyname innocuous_gethostbyname
| 
| /* System header to define __stub macros and hopefully few prototypes,
|    which can conflict with char gethostbyname (void); below.  */
| 
| #include <limits.h>
| #undef gethostbyname
| 
| /* Override any GCC internal prototype to avoid an error.
|    Use char because int might match the return type of a GCC
|    builtin and then its argument prototype would still apply.  */
| #ifdef __cplusplus
| extern "C"
| #endif
| char gethostbyname (void);
| /* The GNU C library defines this for functions which it implements
|     to always fail with ENOSYS.  Some functions are actually named
|     something starting with __ and the normal name is an alias.  */
| #if defined __stub_gethostbyname || defined __stub___gethostbyname
| choke me
| #endif
| 
| int
| main (void)
| {
| return gethostbyname ();
|   ;
|   return 0;
| }
configure:4855: result: no
configure:4862: checking for gethostbyname in -lnsl
configure:4891: gcc -o conftest.exe -g -O2 -std=c99   conftest.c -lnsl   -lm >&5
C:/msys64/mingw64/bin/../lib/gcc/x86_64-w64-mingw32/15.2.0/../../../../x86_64-w64-mingw32/bin/ld.exe: cannot find -lnsl: No such file or directory
collect2.exe: error: ld returned 1 exit status
configure:4891: $? = 1
configure: failed program was:
| /* confdefs.h */
| #define PACKAGE_NAME ""
| #define PACKAGE_TARNAME ""
| #define PACKAGE_VERSION ""
| #define PACKAGE_STRING ""
| #define PACKAGE_BUGREPORT ""
| #define PACKAGE_URL ""
| #define HAVE_STDIO_H 1
| #define HAVE_STDLIB_H 1
| #define HAVE_STRING_H 1
| #define HAVE_INTTYPES_H 1
| #define HAVE_STDINT_H 1
| #define HAVE_STRINGS_H 1
| #define HAVE_SYS_STAT_H 1
| #define HAVE_SYS_TYPES_H 1
| #define HAVE_UNISTD_H 1
| #define HAVE_SYS_TIME_H 1
| #define STDC_HEADERS 1
| #define NO_NETDB_H 1
| #define NO_MATHERR 1
| #define NO_FPRINTF_IN_STDIO 1
| #define NO_SPRINTF_IN_STDIO 1
| /* end confdefs.h.  */
| 
| /* Override any GCC internal prototype to avoid an error.
|    Use char because int might match the return type of a GCC
|    builtin and then its argument prototype would still apply.
|    The 'extern "C"' is for builds by C++ compilers;
|    although this is not generally supported in C code supporting it here
|    has little cost and some practical benefit (sr 110532).  */
| #ifdef __cplusplus
| extern "C"
| #endif
| char gethostbyname (void);
| int
| main (void)
| {
| return gethostbyname ();
|   ;
|   return 0;
| }
configure:4901: result: no
configure:4917: checking for connect
configure:4917: gcc -o conftest.exe -g -O2 -std=c99   conftest.c  -lm >&5
C:/msys64/mingw64/bin/../lib/gcc/x86_64-w64-mingw32/15.2.0/../../../../x86_64-w64-mingw32/bin/ld.exe: C:\Users\rossh\AppData\Local\Temp\ccMjrnFB.o: in function `main':
C:/Users/rossh/Catalina_Work_64/source/catalina/awka-0.7.5/conftest.c:51:(.text.startup+0xa): undefined reference to `connect'
collect2.exe: error: ld returned 1 exit status
configure:4917: $? = 1
configure: failed program was:
| /* confdefs.h */
| #define PACKAGE_NAME ""
| #define PACKAGE_TARNAME ""
| #define PACKAGE_VERSION ""
| #define PACKAGE_STRING ""
| #define PACKAGE_BUGREPORT ""
| #define PACKAGE_URL ""
| #define HAVE_STDIO_H 1
| #define HAVE_STDLIB_H 1
| #define HAVE_STRING_H 1
| #define HAVE_INTTYPES_H 1
| #define HAVE_STDINT_H 1
| #define HAVE_STRINGS_H 1
| #define HAVE_SYS_STAT_H 1
| #define HAVE_SYS_TYPES_H 1
| #define HAVE_UNISTD_H 1
| #define HAVE_SYS_TIME_H 1
| #define STDC_HEADERS 1
| #define NO_NETDB_H 1
| #define NO_MATHERR 1
| #define NO_FPRINTF_IN_STDIO 1
| #define NO_SPRINTF_IN_STDIO 1
| /* end confdefs.h.  */
| /* Define connect to an innocuous variant, in case <limits.h> declares connect.
|    For example, HP-UX 11i <limits.h> declares gettimeofday.  */
| #define connect innocuous_connect
| 
| /* System header to define __stub macros and hopefully few prototypes,
|    which can conflict with char connect (void); below.  */
| 
| #include <limits.h>
| #undef connect
| 
| /* Override any GCC internal prototype to avoid an error.
|    Use char because int might match the return type of a GCC
|    builtin and then its argument prototype would still apply.  */
| #ifdef __cplusplus
| extern "C"
| #endif
| char connect (void);
| /* The GNU C library defines this for functions which it implements
|     to always fail with ENOSYS.  Some functions are actually named
|     something starting with __ and the normal name is an alias.  */
| #if defined __stub_connect || defined __stub___connect
| choke me
| #endif
| 
| int
| main (void)
| {
| return connect ();
|   ;
|   return 0;
| }
configure:4917: result: no
configure:4924: checking for connect in -lsocket
configure:4953: gcc -o conftest.exe -g -O2 -std=c99   conftest.c -lsocket   -lm >&5
C:/msys64/mingw64/bin/../lib/gcc/x86_64-w64-mingw32/15.2.0/../../../../x86_64-w64-mingw32/bin/ld.exe: cannot find -lsocket: No such file or directory
collect2.exe: error: ld returned 1 exit status
configure:4953: $? = 1
configure: failed program was:
| /* confdefs.h */
| #define PACKAGE_NAME ""
| #define PACKAGE_TARNAME ""
| #define PACKAGE_VERSION ""
| #define PACKAGE_STRING ""
| #define PACKAGE_BUGREPORT ""
| #define PACKAGE_URL ""
| #define HAVE_STDIO_H 1
| #define HAVE_STDLIB_H 1
| #define HAVE_STRING_H 1
| #define HAVE_INTTYPES_H 1
| #define HAVE_STDINT_H 1
| #define HAVE_STRINGS_H 1
| #define HAVE_SYS_STAT_H 1
| #define HAVE_SYS_TYPES_H 1
| #define HAVE_UNISTD_H 1
| #define HAVE_SYS_TIME_H 1
| #define STDC_HEADERS 1
| #define NO_NETDB_H 1
| #define NO_MATHERR 1
| #define NO_FPRINTF_IN_STDIO 1
| #define NO_SPRINTF_IN_STDIO 1
| /* end confdefs.h.  */
| 
| /* Override any GCC internal prototype to avoid an error.
|    Use char because int might match the return type of a GCC
|    builtin and then its argument prototype would still apply.
|    The 'extern "C"' is for builds by C++ compilers;
|    although this is not generally supported in C code supporting it here
|    has little cost and some practical benefit (sr 110532).  */
| #ifdef __cplusplus
| extern "C"
| #endif
| char connect (void);
| int
| main (void)
| {
| return connect ();
|   ;
|   return 0;
| }
configure:4963: result: no
configure:5002: checking whether struct tm is in sys/time.h or time.h
configure:5023: gcc -c -g -O2 -std=c99  conftest.c >&5
configure:5023: $? = 0
configure:5031: result: time.h
configure:5039: checking for gcc options needed to detect all undeclared functions
configure:5061: gcc -c -g -O2 -std=c99   conftest.c >&5
conftest.c: In function 'main':
conftest.c:29:8: error: 'strchr' undeclared (first use in this function)
   29 | (void) strchr;
      |        ^~~~~~
conftest.c:1:1: note: 'strchr' is defined in header '<string.h>'; this is probably fixable by adding '#include <string.h>'
    1 | /* confdefs.h */
conftest.c:29:8: note: each undeclared identifier is reported only once for each function it appears in
   29 | (void) strchr;
      |        ^~~~~~
configure:5061: $? = 1
configure: failed program was:
| /* confdefs.h */
| #define PACKAGE_NAME ""
| #define PACKAGE_TARNAME ""
| #define PACKAGE_VERSION ""
| #define PACKAGE_STRING ""
| #define PACKAGE_BUGREPORT ""
| #define PACKAGE_URL ""
| #define HAVE_STDIO_H 1
| #define HAVE_STDLIB_H 1
| #define HAVE_STRING_H 1
| #define HAVE_INTTYPES_H 1
| #define HAVE_STDINT_H 1
| #define HAVE_STRINGS_H 1
| #define HAVE_SYS_STAT_H 1
| #define HAVE_SYS_TYPES_H 1
| #define HAVE_UNISTD_H 1
| #define HAVE_SYS_TIME_H 1
| #define STDC_HEADERS 1
| #define NO_NETDB_H 1
| #define NO_MATHERR 1
| #define NO_FPRINTF_IN_STDIO 1
| #define NO_SPRINTF_IN_STDIO 1
| #define TIME_WITH_SYS_TIME 1
| /* end confdefs.h.  */
| 
| int
| main (void)
| {
| (void) strchr;
|   ;
|   return 0;
| }
configure:5088: gcc -c -g -O2 -std=c99   conftest.c >&5
configure:5088: $? = 0
configure:5105: result: none needed
configure:5119: checking for struct tm.tm_zone
configure:5119: gcc -c -g -O2 -std=c99  conftest.c >&5
conftest.c: In function 'main':
conftest.c:33:13: error: 'struct tm' has no member named 'tm_zone'; did you mean 'tm_mon'?
   33 | if (ac_aggr.tm_zone)
      |             ^~~~~~~
      |             tm_mon
configure:5119: $? = 1
configure: failed program was:
| /* confdefs.h */
| #define PACKAGE_NAME ""
| #define PACKAGE_TARNAME ""
| #define PACKAGE_VERSION ""
| #define PACKAGE_STRING ""
| #define PACKAGE_BUGREPORT ""
| #define PACKAGE_URL ""
| #define HAVE_STDIO_H 1
| #define HAVE_STDLIB_H 1
| #define HAVE_STRING_H 1
| #define HAVE_INTTYPES_H 1
| #define HAVE_STDINT_H 1
| #define HAVE_STRINGS_H 1
| #define HAVE_SYS_STAT_H 1
| #define HAVE_SYS_TYPES_H 1
| #define HAVE_UNISTD_H 1
| #define HAVE_SYS_TIME_H 1
| #define STDC_HEADERS 1
| #define NO_NETDB_H 1
| #define NO_MATHERR 1
| #define NO_FPRINTF_IN_STDIO 1
| #define NO_SPRINTF_IN_STDIO 1
| #define TIME_WITH_SYS_TIME 1
| /* end confdefs.h.  */
| #include <sys/types.h>
| #include <time.h>
| 
| 
| int
| main (void)
| {
| static struct tm ac_aggr;
| if (ac_aggr.tm_zone)
| return 0;
|   ;
|   return 0;
| }
configure:5119: gcc -c -g -O2 -std=c99  conftest.c >&5
conftest.c: In function 'main':
conftest.c:33:20: error: 'struct tm' has no member named 'tm_zone'; did you mean 'tm_mon'?
   33 | if (sizeof ac_aggr.tm_zone)
      |                    ^~~~~~~
      |                    tm_mon
configure:5119: $? = 1
configure: failed program was:
| /* confdefs.h */
| #define PACKAGE_NAME ""
| #define PACKAGE_TARNAME ""
| #define PACKAGE_VERSION ""
| #define PACKAGE_STRING ""
| #define PACKAGE_BUGREPORT ""
| #define PACKAGE_URL ""
| #define HAVE_STDIO_H 1
| #define HAVE_STDLIB_H 1
| #define HAVE_STRING_H 1
| #define HAVE_INTTYPES_H 1
| #define HAVE_STDINT_H 1
| #define HAVE_STRINGS_H 1
| #define HAVE_SYS_STAT_H 1
| #define HAVE_SYS_TYPES_H 1
| #define HAVE_UNISTD_H 1
| #define HAVE_SYS_TIME_H 1
| #define STDC_HEADERS 1
| #define NO_NETDB_H 1
| #define NO_MATHERR 1
| #define NO_FPRINTF_IN_STDIO 1
| #define NO_SPRINTF_IN_STDIO 1
| #define TIME_WITH_SYS_TIME 1
| /* end confdefs.h.  */
| #include <sys/types.h>
| #include <time.h>
| 
| 
| int
| main (void)
| {
| static struct tm ac_aggr;
| if (sizeof ac_aggr.tm_zone)
| return 0;
|   ;
|   return 0;
| }
configure:5119: result: no
configure:5136: checking whether tzname is declared
configure:5136: gcc -c -g -O2 -std=c99   conftest.c >&5
configure:5136: $? = 0
configure:5136: result: yes
configure:5146: checking for tzname
configure:5167: gcc -o conftest.exe -g -O2 -std=c99   conftest.c  -lm >&5
configure:5167: $? = 0
configure:5176: result: yes
configure:5185: checking for time
configure:5185: gcc -o conftest.exe -g -O2 -std=c99   conftest.c  -lm >&5
configure:5185: $? = 0
configure:5185: result: yes
configure:5195: checking for mktime
configure:5195: gcc -o conftest.exe -g -O2 -std=c99   conftest.c  -lm >&5
configure:5195: $? = 0
configure:5195: result: yes
configure:5205: checking for asctime
configure:5205: gcc -o conftest.exe -g -O2 -std=c99   conftest.c  -lm >&5
configure:5205: $? = 0
configure:5205: result: yes
configure:5215: checking for localtime
configure:5215: gcc -o conftest.exe -g -O2 -std=c99   conftest.c  -lm >&5
configure:5215: $? = 0
configure:5215: result: yes
configure:5225: checking for gmtime
configure:5225: gcc -o conftest.exe -g -O2 -std=c99   conftest.c  -lm >&5
configure:5225: $? = 0
configure:5225: result: yes
configure:5235: checking for .exe extension
configure:5248: gcc -c -g -O2 -std=c99  conftest.c >&5
conftest.c: In function 'this':
conftest.c:27:21: error: '__CYGWIN32__' undeclared (first use in this function)
   27 | int this() { return __CYGWIN32__; }
      |                     ^~~~~~~~~~~~
conftest.c:27:21: note: each undeclared identifier is reported only once for each function it appears in
configure:5248: $? = 1
configure: failed program was:
| /* confdefs.h */
| #define PACKAGE_NAME ""
| #define PACKAGE_TARNAME ""
| #define PACKAGE_VERSION ""
| #define PACKAGE_STRING ""
| #define PACKAGE_BUGREPORT ""
| #define PACKAGE_URL ""
| #define HAVE_STDIO_H 1
| #define HAVE_STDLIB_H 1
| #define HAVE_STRING_H 1
| #define HAVE_INTTYPES_H 1
| #define HAVE_STDINT_H 1
| #define HAVE_STRINGS_H 1
| #define HAVE_SYS_STAT_H 1
| #define HAVE_SYS_TYPES_H 1
| #define HAVE_UNISTD_H 1
| #define HAVE_SYS_TIME_H 1
| #define STDC_HEADERS 1
| #define NO_NETDB_H 1
| #define NO_MATHERR 1
| #define NO_FPRINTF_IN_STDIO 1
| #define NO_SPRINTF_IN_STDIO 1
| #define TIME_WITH_SYS_TIME 1
| #define HAVE_DECL_TZNAME 1
| #define HAVE_TZNAME 1
| /* end confdefs.h.  */
| int this() { return __CYGWIN32__; }
| int
| main (void)
| {
| return this();
|   ;
|   return 0;
| }
configure:5270: gcc -c -g -O2 -std=c99  conftest.c >&5
conftest.c: In function 'this':
conftest.c:27:21: error: '__DJGPP__' undeclared (first use in this function)
   27 | int this() { return __DJGPP__; }
      |                     ^~~~~~~~~
conftest.c:27:21: note: each undeclared identifier is reported only once for each function it appears in
configure:5270: $? = 1
configure: failed program was:
| /* confdefs.h */
| #define PACKAGE_NAME ""
| #define PACKAGE_TARNAME ""
| #define PACKAGE_VERSION ""
| #define PACKAGE_STRING ""
| #define PACKAGE_BUGREPORT ""
| #define PACKAGE_URL ""
| #define HAVE_STDIO_H 1
| #define HAVE_STDLIB_H 1
| #define HAVE_STRING_H 1
| #define HAVE_INTTYPES_H 1
| #define HAVE_STDINT_H 1
| #define HAVE_STRINGS_H 1
| #define HAVE_SYS_STAT_H 1
| #define HAVE_SYS_TYPES_H 1
| #define HAVE_UNISTD_H 1
| #define HAVE_SYS_TIME_H 1
| #define STDC_HEADERS 1
| #define NO_NETDB_H 1
| #define NO_MATHERR 1
| #define NO_FPRINTF_IN_STDIO 1
| #define NO_SPRINTF_IN_STDIO 1
| #define TIME_WITH_SYS_TIME 1
| #define HAVE_DECL_TZNAME 1
| #define HAVE_TZNAME 1
| /* end confdefs.h.  */
| int this() { return __DJGPP__; }
| int
| main (void)
| {
| return this();
|   ;
|   return 0;
| }
configure:5277: result: no
configure:5473: creating ./config.status

## ---------------------- ##
## Running config.status. ##
## ---------------------- ##

This file was extended by config.status, which was
generated by GNU Autoconf 2.71.  Invocation command line was

  CONFIG_FILES    = 
  CONFIG_HEADERS  = 
  CONFIG_LINKS    = 
  CONFIG_COMMANDS = 
  $ ./config.status 

on Nitro

config.status:734: creating Makefile
config.status:734: creating lib/Makefile
config.status:734: creating awka/Makefile
config.status:734: creating test/Makefile

## ---------------- ##
## Cache variables. ##
## ---------------- ##

ac_cv_c_compiler_gnu=yes
ac_cv_c_const=yes
ac_cv_c_undeclared_builtin_options='none needed'
ac_cv_env_build_alias_set=
ac_cv_env_build_alias_value=
ac_cv_env_CC_set=
ac_cv_env_CC_value=
ac_cv_env_CFLAGS_set=
ac_cv_env_CFLAGS_value=
ac_cv_env_CPP_set=
ac_cv_env_CPP_value=
ac_cv_env_CPPFLAGS_set=
ac_cv_env_CPPFLAGS_value=
ac_cv_env_host_alias_set=
ac_cv_env_host_alias_value=
ac_cv_env_LDFLAGS_set=
ac_cv_env_LDFLAGS_value=
ac_cv_env_LIBS_set=
ac_cv_env_LIBS_value=
ac_cv_env_target_alias_set=
ac_cv_env_target_alias_value=
ac_cv_exeext=.exe
ac_cv_func_asctime=yes
ac_cv_func_connect=no
ac_cv_func_fmod=yes
ac_cv_func_gethostbyname=no
ac_cv_func_gmtime=yes
ac_cv_func_localtime=yes
ac_cv_func_matherr=no
ac_cv_func_memcpy=yes
ac_cv_func_mktime=yes
ac_cv_func_strchr=yes
ac_cv_func_strerror=yes
ac_cv_func_strstr=yes
ac_cv_func_time=yes
ac_cv_func_vfprintf=yes
ac_cv_have_decl_tzname=yes
ac_cv_header_errno_h=yes
ac_cv_header_fcntl_h=yes
ac_cv_header_inttypes_h=yes
ac_cv_header_limits_h=yes
ac_cv_header_netdb_h=no
ac_cv_header_netinet_in_h=no
ac_cv_header_stdarg_h=yes
ac_cv_header_stddef_h=yes
ac_cv_header_stdint_h=yes
ac_cv_header_stdio_h=yes
ac_cv_header_stdlib_h=yes
ac_cv_header_string_h=yes
ac_cv_header_strings_h=yes
ac_cv_header_sys_socket_h=no
ac_cv_header_sys_stat_h=yes
ac_cv_header_sys_time_h=yes
ac_cv_header_sys_types_h=yes
ac_cv_header_time_h=yes
ac_cv_header_unistd_h=yes
ac_cv_lib_m_log=yes
ac_cv_lib_nsl_gethostbyname=no
ac_cv_lib_socket_connect=no
ac_cv_member_struct_tm_tm_zone=no
ac_cv_objext=o
ac_cv_path_EGREP='/usr/bin/grep -E'
ac_cv_path_GREP=/usr/bin/grep
ac_cv_prog_AR=ar
ac_cv_prog_AWK=gawk
ac_cv_prog_cc_c11=no
ac_cv_prog_cc_c99=
ac_cv_prog_cc_g=yes
ac_cv_prog_cc_stdc=
ac_cv_prog_CC=gcc
ac_cv_prog_CMP=cmp
ac_cv_prog_CPP='gcc -E'
ac_cv_prog_RANLIB=ranlib
ac_cv_prog_SH=ash
ac_cv_prog_YACC=bison
ac_cv_struct_tm=time.h
ac_cv_var_tzname=yes

## ----------------- ##
## Output variables. ##
## ----------------- ##

ac_ct_CC=''
AR='ar'
AWK='gawk'
bindir='${exec_prefix}/bin'
build_alias=''
BUILDLIB='a'
CC='gcc'
CFLAGS='-g -O2 -std=c99'
CMP='cmp'
CPP='gcc -E'
CPPFLAGS=''
datadir='${datarootdir}'
datarootdir='${prefix}/share'
DEFS='-DPACKAGE_NAME=\"\" -DPACKAGE_TARNAME=\"\" -DPACKAGE_VERSION=\"\" -DPACKAGE_STRING=\"\" -DPACKAGE_BUGREPORT=\"\" -DPACKAGE_URL=\"\" -DHAVE_STDIO_H=1 -DHAVE_STDLIB_H=1 -DHAVE_STRING_H=1 -DHAVE_INTTYPES_H=1 -DHAVE_STDINT_H=1 -DHAVE_STRINGS_H=1 -DHAVE_SYS_STAT_H=1 -DHAVE_SYS_TYPES_H=1 -DHAVE_UNISTD_H=1 -DHAVE_SYS_TIME_H=1 -DSTDC_HEADERS=1 -DNO_NETDB_H=1 -DNO_MATHERR=1 -DNO_FPRINTF_IN_STDIO=1 -DNO_SPRINTF_IN_STDIO=1 -DTIME_WITH_SYS_TIME=1 -DHAVE_DECL_TZNAME=1 -DHAVE_TZNAME=1'
docdir='${datarootdir}/doc/${PACKAGE}'
dvidir='${docdir}'
ECHO_C=''
ECHO_N='-n'
ECHO_T=''
EGREP='/usr/bin/grep -E'
EXE=''
exec_prefix='${prefix}'
EXEEXT='.exe'
GREP='/usr/bin/grep'
host_alias=''
htmldir='${docdir}'
includedir='${prefix}/include'
infodir='${datarootdir}/info'
LDFLAGS=''
libdir='${exec_prefix}/lib'
libexecdir='${exec_prefix}/libexec'
LIBOBJS=''
LIBS=' -lm'
localedir='${datarootdir}/locale'
localstatedir='${prefix}/var'
LTLIBOBJS=''
mandir='${datarootdir}/man'
MANEXT='1'
MATHLIB='-lm'
OBJEXT='o'
oldincludedir='/usr/include'
PACKAGE_BUGREPORT=''
PACKAGE_NAME=''
PACKAGE_STRING=''
PACKAGE_TARNAME=''
PACKAGE_URL=''
PACKAGE_VERSION=''
PATH_SEPARATOR=':'
pdfdir='${docdir}'
prefix=''
program_transform_name='s,x,x,'
psdir='${docdir}'
RANLIB='ranlib'
runstatedir='${localstatedir}/run'
sbindir='${exec_prefix}/sbin'
SH='ash'
SHARED_LIB='libawka.so'
SHAREDFLAG='-fPIC'
sharedstatedir='${prefix}/com'
SHELL='/bin/sh'
SOCKET_LIBS=''
sysconfdir='${prefix}/etc'
target_alias=''
YACC='bison -y'

## ----------- ##
## confdefs.h. ##
## ----------- ##

/* confdefs.h */
#define PACKAGE_NAME ""
#define PACKAGE_TARNAME ""
#define PACKAGE_VERSION ""
#define PACKAGE_STRING ""
#define PACKAGE_BUGREPORT ""
#define PACKAGE_URL ""
#define HAVE_STDIO_H 1
#define HAVE_STDLIB_H 1
#define HAVE_STRING_H 1
#define HAVE_INTTYPES_H 1
#define HAVE_STDINT_H 1
#define HAVE_STRINGS_H 1
#define HAVE_SYS_STAT_H 1
#define HAVE_SYS_TYPES_H 1
#define HAVE_UNISTD_H 1
#define HAVE_SYS_TIME_H 1
#define STDC_HEADERS 1
#define NO_NETDB_H 1
#define NO_MATHERR 1
#define NO_FPRINTF_IN_STDIO 1
#define NO_SPRINTF_IN_STDIO 1
#define TIME_WITH_SYS_TIME 1
#define HAVE_DECL_TZNAME 1
#define HAVE_TZNAME 1

configure: exit 0
